  MainCode.cpp
C:\Users\thera\Documents\SNHU\CS-330\CS-330-Portfolio\2D_Simulation\Source\linmath.h(64,1): warning C4244: 'initializing': conversion from 'double' to 'float', possible loss of data
  (compiling source file 'Source/MainCode.cpp')
  
C:\Users\thera\Documents\SNHU\CS-330\CS-330-Portfolio\2D_Simulation\Source\linmath.h(65,1): warning C4244: 'initializing': conversion from 'double' to 'float', possible loss of data
  (compiling source file 'Source/MainCode.cpp')
  
C:\Users\thera\Documents\SNHU\CS-330\CS-330-Portfolio\2D_Simulation\Source\linmath.h(66,1): warning C4244: 'initializing': conversion from 'double' to 'float', possible loss of data
  (compiling source file 'Source/MainCode.cpp')
  
C:\Users\thera\Documents\SNHU\CS-330\CS-330-Portfolio\2D_Simulation\Source\linmath.h(344,17): warning C4244: '=': conversion from 'double' to 'float', possible loss of data
  (compiling source file 'Source/MainCode.cpp')
  
C:\Users\thera\Documents\SNHU\CS-330\CS-330-Portfolio\2D_Simulation\Source\linmath.h(597,18): warning C4244: 'argument': conversion from 'double' to 'float', possible loss of data
  (compiling source file 'Source/MainCode.cpp')
  
C:\Users\thera\Documents\SNHU\CS-330\CS-330-Portfolio\2D_Simulation\Source\linmath.h(604,18): warning C4244: 'argument': conversion from 'double' to 'float', possible loss of data
  (compiling source file 'Source/MainCode.cpp')
  
C:\Program Files (x86)\Windows Kits\10\Include\10.0.26100.0\shared\minwindef.h(130,9): warning C4005: 'APIENTRY': macro redefinition
  (compiling source file 'Source/MainCode.cpp')
      C:\Users\thera\Documents\SNHU\CS-330\CS330Content\Libraries\GLFW\include\GLFW\glfw3.h(123,11):
      see previous definition of 'APIENTRY'
  
C:\Users\thera\Documents\SNHU\CS-330\CS-330-Portfolio\2D_Simulation\Source\MainCode.cpp(13,31): warning C4305: 'initializing': truncation from 'double' to 'float'
C:\Users\thera\Documents\SNHU\CS-330\CS-330-Portfolio\2D_Simulation\Source\MainCode.cpp(61,16): warning C4305: 'initializing': truncation from 'double' to 'float'
C:\Users\thera\Documents\SNHU\CS-330\CS-330-Portfolio\2D_Simulation\Source\MainCode.cpp(66,7): warning C4244: '=': conversion from 'double' to 'float', possible loss of data
C:\Users\thera\Documents\SNHU\CS-330\CS-330-Portfolio\2D_Simulation\Source\MainCode.cpp(67,7): warning C4244: '=': conversion from 'double' to 'float', possible loss of data
C:\Users\thera\Documents\SNHU\CS-330\CS-330-Portfolio\2D_Simulation\Source\MainCode.cpp(68,12): warning C4244: '=': conversion from 'double' to 'float', possible loss of data
C:\Users\thera\Documents\SNHU\CS-330\CS-330-Portfolio\2D_Simulation\Source\MainCode.cpp(83,11): warning C4244: '=': conversion from 'double' to 'float', possible loss of data
C:\Users\thera\Documents\SNHU\CS-330\CS-330-Portfolio\2D_Simulation\Source\MainCode.cpp(84,11): warning C4244: '=': conversion from 'double' to 'float', possible loss of data
C:\Users\thera\Documents\SNHU\CS-330\CS-330-Portfolio\2D_Simulation\Source\MainCode.cpp(167,12): warning C4244: 'argument': conversion from 'time_t' to 'unsigned int', possible loss of data
C:\Users\thera\Documents\SNHU\CS-330\CS-330-Portfolio\2D_Simulation\Source\MainCode.cpp(182,38): warning C4305: 'argument': truncation from 'double' to 'float'
C:\Users\thera\Documents\SNHU\CS-330\CS-330-Portfolio\2D_Simulation\Source\MainCode.cpp(182,31): warning C4305: 'argument': truncation from 'double' to 'float'
C:\Users\thera\Documents\SNHU\CS-330\CS-330-Portfolio\2D_Simulation\Source\MainCode.cpp(183,41): warning C4305: 'argument': truncation from 'double' to 'float'
C:\Users\thera\Documents\SNHU\CS-330\CS-330-Portfolio\2D_Simulation\Source\MainCode.cpp(183,35): warning C4305: 'argument': truncation from 'double' to 'float'
C:\Users\thera\Documents\SNHU\CS-330\CS-330-Portfolio\2D_Simulation\Source\MainCode.cpp(184,42): warning C4305: 'argument': truncation from 'double' to 'float'
C:\Users\thera\Documents\SNHU\CS-330\CS-330-Portfolio\2D_Simulation\Source\MainCode.cpp(184,35): warning C4305: 'argument': truncation from 'double' to 'float'
C:\Users\thera\Documents\SNHU\CS-330\CS-330-Portfolio\2D_Simulation\Source\MainCode.cpp(185,33): warning C4305: 'argument': truncation from 'double' to 'float'
C:\Users\thera\Documents\SNHU\CS-330\CS-330-Portfolio\2D_Simulation\Source\MainCode.cpp(199,21): warning C4018: '<': signed/unsigned mismatch
C:\Users\thera\Documents\SNHU\CS-330\CS-330-Portfolio\2D_Simulation\Source\MainCode.cpp(220,2): warning C4551: function call missing argument list
C:\Users\thera\Documents\SNHU\CS-330\CS-330-Portfolio\2D_Simulation\Source\MainCode.cpp(236,37): warning C4244: 'argument': conversion from 'double' to 'float', possible loss of data
C:\Users\thera\Documents\SNHU\CS-330\CS-330-Portfolio\2D_Simulation\Source\MainCode.cpp(236,34): warning C4244: 'argument': conversion from 'double' to 'float', possible loss of data
C:\Users\thera\Documents\SNHU\CS-330\CS-330-Portfolio\2D_Simulation\Source\MainCode.cpp(236,31): warning C4244: 'argument': conversion from 'double' to 'float', possible loss of data
C:\Users\thera\Documents\SNHU\CS-330\CS-330-Portfolio\2D_Simulation\Source\MainCode.cpp(236,25): warning C4305: 'argument': truncation from 'double' to 'float'
  2D_Simulation.vcxproj -> C:\Users\thera\Documents\SNHU\CS-330\CS-330-Portfolio\2D_Simulation\Debug\2D_Simulation.exe
